<?xml version="1.0" encoding="UTF-8"?>
<!-- Generated by org.testng.reporters.JUnitXMLReporter -->
<testsuite ignored="1" hostname="ARAVIND" failures="0" tests="4" name="Default test" time="0.088" errors="0" timestamp="2025-02-24T18:27:52 IST">
  <testcase classname="test.Day3" name="WebLoginCarLoan" time="0.012"/>
  <testcase classname="test.Day3" name="MobileLoginCarLoan" time="0.003"/>
  <testcase classname="test.Day3" name="MobileSignOut" time="0.002"/>
  <testcase classname="test.Day3" name="APILoginCarLoan" time="0.002"/>
  <testcase classname="test.Day3" name="MobileSignIn" time="0.0">
    <ignored/>
  </testcase> <!-- MobileSignIn -->
</testsuite> <!-- Default test -->
