<?xml version="1.0" encoding="UTF-8"?>
<!-- Generated by org.testng.reporters.JUnitXMLReporter -->
<testsuite ignored="2" hostname="ARAVIND" failures="0" tests="3" name="Car Loan" time="0.019" errors="0" timestamp="2025-02-24T16:01:37 IST">
  <testcase classname="test.Day3" name="MobileLoginCarLoan" time="0.003"/>
  <testcase classname="test.Day3" name="MobileSignIn" time="0.002"/>
  <testcase classname="test.Day3" name="MobileSignOut" time="0.003"/>
  <testcase classname="test.Day3" name="WebLoginCarLoan" time="0.0">
    <ignored/>
  </testcase> <!-- WebLoginCarLoan -->
  <testcase classname="test.Day3" name="RESTAPILoginCarLoan" time="0.0">
    <ignored/>
  </testcase> <!-- RESTAPILoginCarLoan -->
</testsuite> <!-- Car Loan -->
