<?xml version="1.0" encoding="UTF-8"?>
<!-- Generated by org.testng.reporters.JUnitXMLReporter -->
<testsuite ignored="0" hostname="ARAVIND" failures="0" tests="3" name="Home Loan" time="0.015" errors="0" timestamp="2025-02-25T12:19:15 IST">
  <testcase classname="test.Day4" name="MobileLoginHomeLoan" time="0.001"/>
  <testcase classname="test.Day4" name="RESTAPILoginHomeLoan" time="0.002"/>
  <testcase classname="test.Day4" name="WebLoginHomeLoan" time="0.007"/>
</testsuite> <!-- Home Loan -->
