<?xml version="1.0" encoding="UTF-8"?>
<!-- Generated by org.testng.reporters.JUnitXMLReporter -->
<testsuite ignored="0" hostname="ARAVIND" failures="1" tests="3" name="Personal Loan" time="0.044" errors="0" timestamp="2025-02-25T12:19:15 IST">
  <testcase classname="test.Day1" name="Test1" time="0.006"/>
  <testcase classname="test.Day1" name="Test2" time="0.004">
    <failure type="java.lang.AssertionError" message="expected [true] but found [false]">
      <![CDATA[java.lang.AssertionError: expected [true] but found [false]
at test.Day1.Test2(Day1.java:20)
at java.base/java.util.ArrayList.forEach(ArrayList.java:1596)
... Removed 29 stack frames]]>
    </failure>
  </testcase> <!-- Test2 -->
  <testcase classname="test.Day2" name="Test3" time="0.002"/>
</testsuite> <!-- Personal Loan -->
