<?xml version="1.0" encoding="UTF-8"?>
<!-- Generated by org.testng.reporters.JUnitXMLReporter -->
<testsuite ignored="7" hostname="ARAVIND" failures="0" tests="3" name="Regression" time="0.089" errors="0" timestamp="2025-02-24T18:13:24 IST">
  <testcase classname="test.Day1" name="Test1" time="0.016"/>
  <testcase classname="test.Day3" name="MobileLoginCarLoan" time="0.002"/>
  <testcase classname="test.Day4" name="RESTAPILoginHomeLoan" time="0.003"/>
  <testcase classname="test.Day4" name="MobileLoginHomeLoan" time="0.0">
    <ignored/>
  </testcase> <!-- MobileLoginHomeLoan -->
  <testcase classname="test.Day4" name="WebLoginHomeLoan" time="0.0">
    <ignored/>
  </testcase> <!-- WebLoginHomeLoan -->
  <testcase classname="test.Day3" name="MobileSignIn" time="0.0">
    <ignored/>
  </testcase> <!-- MobileSignIn -->
  <testcase classname="test.Day3" name="WebLoginCarLoan" time="0.0">
    <ignored/>
  </testcase> <!-- WebLoginCarLoan -->
  <testcase classname="test.Day2" name="Test3" time="0.0">
    <ignored/>
  </testcase> <!-- Test3 -->
  <testcase classname="test.Day3" name="RESTAPILoginCarLoan" time="0.0">
    <ignored/>
  </testcase> <!-- RESTAPILoginCarLoan -->
  <testcase classname="test.Day1" name="Test2" time="0.0">
    <ignored/>
  </testcase> <!-- Test2 -->
</testsuite> <!-- Regression -->
